# JRE version: OpenJDK Runtime Environment (17.0.6) (build 17.0.6+0-b2043.56-9586694)
# Java VM: OpenJDK 64-Bit Server VM (17.0.6+0-b2043.56-9586694, mixed mode, tiered, compressed oops, compressed class ptrs, g1 gc, windows-amd64)
GC Precious Log:
 CPUs: 4 total, 4 available
 Memory: 4017M
 Large Page Support: Disabled
 NUMA Support: Disabled
 Compressed Oops: Enabled (32-bit)
 Heap Region Size: 1M
 Heap Min Capacity: 8M
 Heap Initial Capacity: 64M
 Heap Max Capacity: 2G
 Pre-touch: Disabled
 Parallel Workers: 4
 Concurrent Workers: 1
 Concurrent Refinement Workers: 4
 Periodic GC: Disabled
Heap:
 garbage-first heap   total 442368K, used 128278K [0x0000000080000000, 0x0000000100000000)
  region size 1024K, 1 young (1024K), 1 survivors (1024K)
 Metaspace       used 134907K, committed 136704K, reserved 1171456K
  class space    used 17738K, committed 18560K, reserved 1048576K
GC Heap History (20 events):
Event: 2908.022 GC heap after
{Heap after GC invocations=78 (full 0):
 garbage-first heap   total 437248K, used 125746K [0x0000000080000000, 0x0000000100000000)
  region size 1024K, 3 young (3072K), 3 survivors (3072K)
 Metaspace       used 132900K, committed 134144K, reserved 1171456K
  class space    used 17385K, committed 17920K, reserved 1048576K
}
Event: 2974.358 GC heap before
{Heap before GC invocations=78 (full 0):
 garbage-first heap   total 437248K, used 207666K [0x0000000080000000, 0x0000000100000000)
  region size 1024K, 85 young (87040K), 3 survivors (3072K)
 Metaspace       used 133013K, committed 134208K, reserved 1171456K
  class space    used 17389K, committed 17920K, reserved 1048576K
}
Event: 2974.452 GC heap after
{Heap after GC invocations=79 (full 0):
 garbage-first heap   total 437248K, used 129618K [0x0000000080000000, 0x0000000100000000)
  region size 1024K, 6 young (6144K), 6 survivors (6144K)
 Metaspace       used 133013K, committed 134208K, reserved 1171456K
  class space    used 17389K, committed 17920K, reserved 1048576K
}
Event: 2981.597 GC heap before
{Heap before GC invocations=80 (full 0):
 garbage-first heap   total 437248K, used 236114K [0x0000000080000000, 0x0000000100000000)
  region size 1024K, 94 young (96256K), 6 survivors (6144K)
 Metaspace       used 133103K, committed 134272K, reserved 1171456K
  class space    used 17401K, committed 17920K, reserved 1048576K
}
Event: 2981.657 GC heap after
{Heap after GC invocations=81 (full 0):
 garbage-first heap   total 437248K, used 131939K [0x0000000080000000, 0x0000000100000000)
  region size 1024K, 11 young (11264K), 11 survivors (11264K)
 Metaspace       used 133103K, committed 134272K, reserved 1171456K
  class space    used 17401K, committed 17920K, reserved 1048576K
}
Event: 3006.982 GC heap before
{Heap before GC invocations=81 (full 0):
 garbage-first heap   total 437248K, used 142179K [0x0000000080000000, 0x0000000100000000)
  region size 1024K, 21 young (21504K), 11 survivors (11264K)
 Metaspace       used 133872K, committed 135360K, reserved 1171456K
  class space    used 17578K, committed 18240K, reserved 1048576K
}
Event: 3007.016 GC heap after
{Heap after GC invocations=82 (full 0):
 garbage-first heap   total 437248K, used 104622K [0x0000000080000000, 0x0000000100000000)
  region size 1024K, 2 young (2048K), 2 survivors (2048K)
 Metaspace       used 133872K, committed 135360K, reserved 1171456K
  class space    used 17578K, committed 18240K, reserved 1048576K
}
Event: 3638.659 GC heap before
{Heap before GC invocations=82 (full 0):
 garbage-first heap   total 437248K, used 216238K [0x0000000080000000, 0x0000000100000000)
  region size 1024K, 112 young (114688K), 2 survivors (2048K)
 Metaspace       used 134914K, committed 136704K, reserved 1171456K
  class space    used 17751K, committed 18560K, reserved 1048576K
}
Event: 3639.101 GC heap after
{Heap after GC invocations=83 (full 0):
 garbage-first heap   total 437248K, used 109160K [0x0000000080000000, 0x0000000100000000)
  region size 1024K, 7 young (7168K), 7 survivors (7168K)
 Metaspace       used 134914K, committed 136704K, reserved 1171456K
  class space    used 17751K, committed 18560K, reserved 1048576K
}
Event: 3639.608 GC heap before
{Heap before GC invocations=83 (full 0):
 garbage-first heap   total 437248K, used 124520K [0x0000000080000000, 0x0000000100000000)
  region size 1024K, 21 young (21504K), 7 survivors (7168K)
 Metaspace       used 134915K, committed 136704K, reserved 1171456K
  class space    used 17751K, committed 18560K, reserved 1048576K
}
Event: 3639.728 GC heap after
{Heap after GC invocations=84 (full 0):
 garbage-first heap   total 437248K, used 120747K [0x0000000080000000, 0x0000000100000000)
  region size 1024K, 3 young (3072K), 3 survivors (3072K)
 Metaspace       used 134915K, committed 136704K, reserved 1171456K
  class space    used 17751K, committed 18560K, reserved 1048576K
}
Event: 3640.346 GC heap before
{Heap before GC invocations=84 (full 0):
 garbage-first heap   total 437248K, used 139179K [0x0000000080000000, 0x0000000100000000)
  region size 1024K, 21 young (21504K), 3 survivors (3072K)
 Metaspace       used 134915K, committed 136704K, reserved 1171456K
  class space    used 17751K, committed 18560K, reserved 1048576K
}
Event: 3640.391 GC heap after
{Heap after GC invocations=85 (full 0):
 garbage-first heap   total 437248K, used 130033K [0x0000000080000000, 0x0000000100000000)
  region size 1024K, 3 young (3072K), 3 survivors (3072K)
 Metaspace       used 134915K, committed 136704K, reserved 1171456K
  class space    used 17751K, committed 18560K, reserved 1048576K
}
Event: 3646.780 GC heap before
{Heap before GC invocations=86 (full 0):
 garbage-first heap   total 437248K, used 170993K [0x0000000080000000, 0x0000000100000000)
  region size 1024K, 31 young (31744K), 3 survivors (3072K)
 Metaspace       used 134875K, committed 136704K, reserved 1171456K
  class space    used 17738K, committed 18560K, reserved 1048576K
}
Event: 3646.875 GC heap after
{Heap after GC invocations=87 (full 0):
 garbage-first heap   total 437248K, used 133530K [0x0000000080000000, 0x0000000100000000)
  region size 1024K, 4 young (4096K), 4 survivors (4096K)
 Metaspace       used 134875K, committed 136704K, reserved 1171456K
  class space    used 17738K, committed 18560K, reserved 1048576K
}
Event: 3646.953 GC heap before
{Heap before GC invocations=87 (full 0):
 garbage-first heap   total 437248K, used 149914K [0x0000000080000000, 0x0000000100000000)
  region size 1024K, 21 young (21504K), 4 survivors (4096K)
 Metaspace       used 134877K, committed 136704K, reserved 1171456K
  class space    used 17738K, committed 18560K, reserved 1048576K
}
Event: 3646.991 GC heap after
{Heap after GC invocations=88 (full 0):
 garbage-first heap   total 437248K, used 129730K [0x0000000080000000, 0x0000000100000000)
  region size 1024K, 3 young (3072K), 3 survivors (3072K)
 Metaspace       used 134877K, committed 136704K, reserved 1171456K
  class space    used 17738K, committed 18560K, reserved 1048576K
}
Event: 3647.149 GC heap before
{Heap before GC invocations=88 (full 0):
 garbage-first heap   total 437248K, used 147138K [0x0000000080000000, 0x0000000100000000)
  region size 1024K, 21 young (21504K), 3 survivors (3072K)
 Metaspace       used 134895K, committed 136704K, reserved 1171456K
  class space    used 17738K, committed 18560K, reserved 1048576K
}
Event: 3647.167 GC heap after
{Heap after GC invocations=89 (full 0):
 garbage-first heap   total 437248K, used 128538K [0x0000000080000000, 0x0000000100000000)
  region size 1024K, 1 young (1024K), 1 survivors (1024K)
 Metaspace       used 134895K, committed 136704K, reserved 1171456K
  class space    used 17738K, committed 18560K, reserved 1048576K
}
Event: 3647.263 GC heap before
{Heap before GC invocations=89 (full 0):
 garbage-first heap   total 437248K, used 136730K [0x0000000080000000, 0x0000000100000000)
  region size 1024K, 10 young (10240K), 1 survivors (1024K)
 Metaspace       used 134907K, committed 136704K, reserved 1171456K
  class space    used 17738K, committed 18560K, reserved 1048576K
}

